update-alternatives 2017-02-15 20:19:42: run with --quiet --install /usr/bin/awk awk /usr/bin/mawk 5 --slave /usr/share/man/man1/awk.1.gz awk.1.gz /usr/share/man/man1/mawk.1.gz --slave /usr/bin/nawk nawk /usr/bin/mawk --slave /usr/share/man/man1/nawk.1.gz nawk.1.gz /usr/share/man/man1/mawk.1.gz
update-alternatives 2017-02-15 20:19:42: link group awk updated to point to /usr/bin/mawk
update-alternatives 2017-02-15 20:20:13: run with --quiet --install /usr/bin/awk awk /usr/bin/mawk 5 --slave /usr/share/man/man1/awk.1.gz awk.1.gz /usr/share/man/man1/mawk.1.gz --slave /usr/bin/nawk nawk /usr/bin/mawk --slave /usr/share/man/man1/nawk.1.gz nawk.1.gz /usr/share/man/man1/mawk.1.gz
update-alternatives 2017-02-15 20:20:22: run with --install /usr/sbin/rmt rmt /usr/sbin/rmt-tar 50 --slave /usr/share/man/man8/rmt.8.gz rmt.8.gz /usr/share/man/man8/rmt-tar.8.gz
update-alternatives 2017-02-15 20:20:22: link group rmt updated to point to /usr/sbin/rmt-tar
update-alternatives 2017-02-15 20:20:25: run with --install /usr/share/man/man7/builtins.7.gz builtins.7.gz /usr/share/man/man7/bash-builtins.7.gz 10
update-alternatives 2017-02-15 20:20:25: link group builtins.7.gz updated to point to /usr/share/man/man7/bash-builtins.7.gz
update-alternatives 2017-02-15 20:20:27: run with --install /usr/bin/pager pager /bin/more 50 --slave /usr/share/man/man1/pager.1.gz pager.1.gz /usr/share/man/man1/more.1.gz
update-alternatives 2017-02-15 20:20:27: link group pager updated to point to /bin/more
update-alternatives 2017-02-15 20:20:27: run with --install /usr/bin/pager pager /usr/bin/pg 10 --slave /usr/share/man/man1/pager.1.gz pager.1.gz /usr/share/man/man1/pg.1.gz
update-alternatives 2017-02-15 20:20:28: run with --install /usr/bin/w w /usr/bin/w.procps 50 --slave /usr/share/man/man1/w.1.gz w.1.gz /usr/share/man/man1/w.procps.1.gz
update-alternatives 2017-02-15 20:20:28: link group w updated to point to /usr/bin/w.procps
update-alternatives 2017-02-15 20:20:53: run with --install /bin/mt mt /bin/mt-gnu 10 --slave /usr/share/man/man1/mt.1.gz mt.1.gz /usr/share/man/man1/mt-gnu.1.gz
update-alternatives 2017-02-15 20:20:53: link group mt updated to point to /bin/mt-gnu
update-alternatives 2017-02-15 20:20:54: run with --quiet --install /usr/bin/pager pager /bin/less 77 --slave /usr/share/man/man1/pager.1.gz pager.1.gz /usr/share/man/man1/less.1.gz
update-alternatives 2017-02-15 20:20:54: link group pager updated to point to /bin/less
update-alternatives 2017-02-15 20:20:54: run with --quiet --remove pager /usr/bin/less
update-alternatives 2017-02-15 20:20:54: run with --quiet --install /usr/bin/pager pager /bin/less 77 --slave /usr/share/man/man1/pager.1.gz pager.1.gz /usr/share/man/man1/less.1.gz
update-alternatives 2017-02-15 20:20:54: run with --quiet --remove pager /usr/bin/less
update-alternatives 2017-02-15 20:20:55: run with --install /bin/nc nc /bin/nc.openbsd 50 --slave /bin/netcat netcat /bin/nc.openbsd --slave /usr/share/man/man1/nc.1.gz nc.1.gz /usr/share/man/man1/nc_openbsd.1.gz --slave /usr/share/man/man1/netcat.1.gz netcat.1.gz /usr/share/man/man1/nc_openbsd.1.gz
update-alternatives 2017-02-15 20:20:55: link group nc updated to point to /bin/nc.openbsd
update-alternatives 2017-02-15 20:20:57: run with --install /usr/bin/rview rview /usr/bin/vim.tiny 10
update-alternatives 2017-02-15 20:20:57: link group rview updated to point to /usr/bin/vim.tiny
update-alternatives 2017-02-15 20:20:57: run with --install /usr/bin/vi vi /usr/bin/vim.tiny 10 --slave /usr/share/man/fr/man1/vi.1.gz vi.fr.1.gz /usr/share/man/fr/man1/vim.1.gz --slave /usr/share/man/it/man1/vi.1.gz vi.it.1.gz /usr/share/man/it/man1/vim.1.gz --slave /usr/share/man/pl/man1/vi.1.gz vi.pl.1.gz /usr/share/man/pl/man1/vim.1.gz --slave /usr/share/man/ru/man1/vi.1.gz vi.ru.1.gz /usr/share/man/ru/man1/vim.1.gz --slave /usr/share/man/ja/man1/vi.1.gz vi.ja.1.gz /usr/share/man/ja/man1/vim.1.gz --slave /usr/share/man/man1/vi.1.gz vi.1.gz /usr/share/man/man1/vim.1.gz
update-alternatives 2017-02-15 20:20:57: link group vi updated to point to /usr/bin/vim.tiny
update-alternatives 2017-02-15 20:20:57: run with --install /usr/bin/view view /usr/bin/vim.tiny 10 --slave /usr/share/man/fr/man1/view.1.gz view.fr.1.gz /usr/share/man/fr/man1/vim.1.gz --slave /usr/share/man/it/man1/view.1.gz view.it.1.gz /usr/share/man/it/man1/vim.1.gz --slave /usr/share/man/pl/man1/view.1.gz view.pl.1.gz /usr/share/man/pl/man1/vim.1.gz --slave /usr/share/man/ru/man1/view.1.gz view.ru.1.gz /usr/share/man/ru/man1/vim.1.gz --slave /usr/share/man/ja/man1/view.1.gz view.ja.1.gz /usr/share/man/ja/man1/vim.1.gz --slave /usr/share/man/man1/view.1.gz view.1.gz /usr/share/man/man1/vim.1.gz
update-alternatives 2017-02-15 20:20:57: link group view updated to point to /usr/bin/vim.tiny
update-alternatives 2017-02-15 20:20:57: run with --install /usr/bin/ex ex /usr/bin/vim.tiny 10 --slave /usr/share/man/fr/man1/ex.1.gz ex.fr.1.gz /usr/share/man/fr/man1/vim.1.gz --slave /usr/share/man/it/man1/ex.1.gz ex.it.1.gz /usr/share/man/it/man1/vim.1.gz --slave /usr/share/man/pl/man1/ex.1.gz ex.pl.1.gz /usr/share/man/pl/man1/vim.1.gz --slave /usr/share/man/ru/man1/ex.1.gz ex.ru.1.gz /usr/share/man/ru/man1/vim.1.gz --slave /usr/share/man/ja/man1/ex.1.gz ex.ja.1.gz /usr/share/man/ja/man1/vim.1.gz --slave /usr/share/man/man1/ex.1.gz ex.1.gz /usr/share/man/man1/vim.1.gz
update-alternatives 2017-02-15 20:20:57: link group ex updated to point to /usr/bin/vim.tiny
update-alternatives 2017-02-15 20:20:57: run with --install /usr/bin/editor editor /usr/bin/vim.tiny 10 --slave /usr/share/man/fr/man1/editor.1.gz editor.fr.1.gz /usr/share/man/fr/man1/vim.1.gz --slave /usr/share/man/it/man1/editor.1.gz editor.it.1.gz /usr/share/man/it/man1/vim.1.gz --slave /usr/share/man/pl/man1/editor.1.gz editor.pl.1.gz /usr/share/man/pl/man1/vim.1.gz --slave /usr/share/man/ru/man1/editor.1.gz editor.ru.1.gz /usr/share/man/ru/man1/vim.1.gz --slave /usr/share/man/ja/man1/editor.1.gz editor.ja.1.gz /usr/share/man/ja/man1/vim.1.gz --slave /usr/share/man/man1/editor.1.gz editor.1.gz /usr/share/man/man1/vim.1.gz
update-alternatives 2017-02-15 20:20:57: link group editor updated to point to /usr/bin/vim.tiny
update-alternatives 2017-02-15 20:21:00: run with --install /etc/newt/palette newt-palette /etc/newt/palette.ubuntu 50
update-alternatives 2017-02-15 20:21:00: link group newt-palette updated to point to /etc/newt/palette.ubuntu
update-alternatives 2017-02-15 20:21:00: run with --install /etc/newt/palette newt-palette /etc/newt/palette.original 20
update-alternatives 2017-02-15 20:21:06: run with --install /etc/vtrgb vtrgb /etc/console-setup/vtrgb 50
update-alternatives 2017-02-15 20:21:06: link group vtrgb updated to point to /etc/console-setup/vtrgb
update-alternatives 2017-02-15 20:21:07: run with --install /etc/vtrgb vtrgb /etc/console-setup/vtrgb.vga 20
update-alternatives 2017-02-15 20:21:32: run with --remove builtins.7.gz /usr/share/man/man7/bash-builtins.7.gz
update-alternatives 2017-02-15 20:21:32: link group builtins.7.gz fully removed
update-alternatives 2017-02-15 20:21:32: run with --install /usr/share/man/man7/builtins.7.gz builtins.7.gz /usr/share/man/man7/bash-builtins.7.gz 10
update-alternatives 2017-02-15 20:21:32: link group builtins.7.gz updated to point to /usr/share/man/man7/bash-builtins.7.gz
update-alternatives 2017-02-15 20:21:47: run with --install /usr/bin/pager pager /bin/more 50 --slave /usr/share/man/man1/pager.1.gz pager.1.gz /usr/share/man/man1/more.1.gz
update-alternatives 2017-02-15 20:21:47: run with --install /usr/bin/pager pager /usr/bin/pg 10 --slave /usr/share/man/man1/pager.1.gz pager.1.gz /usr/share/man/man1/pg.1.gz
update-alternatives 2017-02-15 20:21:47: run with --install /usr/sbin/rmt rmt /usr/sbin/rmt-tar 50 --slave /usr/share/man/man8/rmt.8.gz rmt.8.gz /usr/share/man/man8/rmt-tar.8.gz
update-alternatives 2017-02-15 20:21:58: run with --install /usr/bin/w w /usr/bin/w.procps 50 --slave /usr/share/man/man1/w.1.gz w.1.gz /usr/share/man/man1/w.procps.1.gz
update-alternatives 2017-02-15 20:22:05: run with --quiet --install /usr/bin/pager pager /bin/less 77 --slave /usr/share/man/man1/pager.1.gz pager.1.gz /usr/share/man/man1/less.1.gz
update-alternatives 2017-02-15 20:22:05: run with --quiet --remove pager /usr/bin/less
update-alternatives 2017-02-15 20:22:05: run with --quiet --install /usr/bin/pager pager /bin/less 77 --slave /usr/share/man/man1/pager.1.gz pager.1.gz /usr/share/man/man1/less.1.gz
update-alternatives 2017-02-15 20:22:05: run with --quiet --remove pager /usr/bin/less
update-alternatives 2017-02-15 20:22:05: run with --install /usr/bin/rview rview /usr/bin/vim.tiny 10
update-alternatives 2017-02-15 20:22:05: run with --install /usr/bin/vi vi /usr/bin/vim.tiny 10 --slave /usr/share/man/fr/man1/vi.1.gz vi.fr.1.gz /usr/share/man/fr/man1/vim.1.gz --slave /usr/share/man/it/man1/vi.1.gz vi.it.1.gz /usr/share/man/it/man1/vim.1.gz --slave /usr/share/man/pl/man1/vi.1.gz vi.pl.1.gz /usr/share/man/pl/man1/vim.1.gz --slave /usr/share/man/ru/man1/vi.1.gz vi.ru.1.gz /usr/share/man/ru/man1/vim.1.gz --slave /usr/share/man/ja/man1/vi.1.gz vi.ja.1.gz /usr/share/man/ja/man1/vim.1.gz --slave /usr/share/man/man1/vi.1.gz vi.1.gz /usr/share/man/man1/vim.1.gz
update-alternatives 2017-02-15 20:22:05: run with --install /usr/bin/view view /usr/bin/vim.tiny 10 --slave /usr/share/man/fr/man1/view.1.gz view.fr.1.gz /usr/share/man/fr/man1/vim.1.gz --slave /usr/share/man/it/man1/view.1.gz view.it.1.gz /usr/share/man/it/man1/vim.1.gz --slave /usr/share/man/pl/man1/view.1.gz view.pl.1.gz /usr/share/man/pl/man1/vim.1.gz --slave /usr/share/man/ru/man1/view.1.gz view.ru.1.gz /usr/share/man/ru/man1/vim.1.gz --slave /usr/share/man/ja/man1/view.1.gz view.ja.1.gz /usr/share/man/ja/man1/vim.1.gz --slave /usr/share/man/man1/view.1.gz view.1.gz /usr/share/man/man1/vim.1.gz
update-alternatives 2017-02-15 20:22:05: run with --install /usr/bin/ex ex /usr/bin/vim.tiny 10 --slave /usr/share/man/fr/man1/ex.1.gz ex.fr.1.gz /usr/share/man/fr/man1/vim.1.gz --slave /usr/share/man/it/man1/ex.1.gz ex.it.1.gz /usr/share/man/it/man1/vim.1.gz --slave /usr/share/man/pl/man1/ex.1.gz ex.pl.1.gz /usr/share/man/pl/man1/vim.1.gz --slave /usr/share/man/ru/man1/ex.1.gz ex.ru.1.gz /usr/share/man/ru/man1/vim.1.gz --slave /usr/share/man/ja/man1/ex.1.gz ex.ja.1.gz /usr/share/man/ja/man1/vim.1.gz --slave /usr/share/man/man1/ex.1.gz ex.1.gz /usr/share/man/man1/vim.1.gz
update-alternatives 2017-02-15 20:22:05: run with --install /usr/bin/editor editor /usr/bin/vim.tiny 10 --slave /usr/share/man/fr/man1/editor.1.gz editor.fr.1.gz /usr/share/man/fr/man1/vim.1.gz --slave /usr/share/man/it/man1/editor.1.gz editor.it.1.gz /usr/share/man/it/man1/vim.1.gz --slave /usr/share/man/pl/man1/editor.1.gz editor.pl.1.gz /usr/share/man/pl/man1/vim.1.gz --slave /usr/share/man/ru/man1/editor.1.gz editor.ru.1.gz /usr/share/man/ru/man1/vim.1.gz --slave /usr/share/man/ja/man1/editor.1.gz editor.ja.1.gz /usr/share/man/ja/man1/vim.1.gz --slave /usr/share/man/man1/editor.1.gz editor.1.gz /usr/share/man/man1/vim.1.gz
update-alternatives 2017-02-15 20:22:05: run with --install /etc/vtrgb vtrgb /etc/console-setup/vtrgb 50
update-alternatives 2017-02-15 20:22:05: run with --install /etc/vtrgb vtrgb /etc/console-setup/vtrgb.vga 20
update-alternatives 2017-06-16 10:38:00: run with --install /usr/bin/write write /usr/bin/bsd-write 100 --slave /usr/share/man/man1/write.1.gz write.1.gz /usr/share/man/man1/bsd-write.1.gz
update-alternatives 2017-06-16 10:38:00: link group write updated to point to /usr/bin/bsd-write
update-alternatives 2017-06-16 10:38:00: run with --install /usr/bin/from from /usr/bin/bsd-from 10 --slave /usr/share/man/man1/from.1.gz from.1.gz /usr/share/man/man1/bsd-from.1.gz
update-alternatives 2017-06-16 10:38:00: link group from updated to point to /usr/bin/bsd-from
update-alternatives 2017-06-16 10:38:06: run with --quiet --install /usr/bin/editor editor /bin/ed -100 --slave /usr/share/man/man1/editor.1.gz editor.1.gz /usr/share/man/man1/ed.1.gz
update-alternatives 2017-06-16 10:38:07: run with --install /usr/bin/ftp ftp /usr/bin/netkit-ftp 100 --slave /usr/bin/pftp pftp /usr/bin/netkit-ftp --slave /usr/share/man/man1/ftp.1.gz ftp.1.gz /usr/share/man/man1/netkit-ftp.1.gz --slave /usr/share/man/man1/pftp.1.gz pftp.1.gz /usr/share/man/man1/netkit-ftp.1.gz --slave /usr/share/man/man5/netrc.5.gz netrc.5.gz /usr/share/man/man5/netkit-netrc.5.gz
update-alternatives 2017-06-16 10:38:07: link group ftp updated to point to /usr/bin/netkit-ftp
update-alternatives 2017-06-16 10:38:07: run with --install /usr/bin/infobrowser infobrowser /usr/bin/info 60 --slave /usr/share/man/man1/infobrowser.1.gz infobrowser.1.gz /usr/share/man/man1/info.1.gz
update-alternatives 2017-06-16 10:38:07: link group infobrowser updated to point to /usr/bin/info
update-alternatives 2017-06-16 10:38:07: run with --install /usr/bin/traceroute6 traceroute6 /usr/bin/traceroute6.iputils 100 --slave /usr/share/man/man8/traceroute6.8.gz traceroute6.8.gz /usr/share/man/man8/traceroute6.iputils.8.gz
update-alternatives 2017-06-16 10:38:07: link group traceroute6 updated to point to /usr/bin/traceroute6.iputils
update-alternatives 2017-06-16 10:38:08: run with --install /usr/bin/locate locate /usr/bin/mlocate 80 --slave /usr/share/man/man1/locate.1.gz locate.1.gz /usr/share/man/man1/mlocate.1.gz --slave /usr/bin/updatedb updatedb /usr/bin/updatedb.mlocate
update-alternatives 2017-06-16 10:38:08: link group locate updated to point to /usr/bin/mlocate
update-alternatives 2017-06-16 10:38:08: run with --install /usr/bin/editor editor /bin/nano 40 --slave /usr/share/man/man1/editor.1.gz editor.1.gz /usr/share/man/man1/nano.1.gz
update-alternatives 2017-06-16 10:38:08: link group editor updated to point to /bin/nano
update-alternatives 2017-06-16 10:38:08: run with --install /usr/bin/pico pico /bin/nano 10 --slave /usr/share/man/man1/pico.1.gz pico.1.gz /usr/share/man/man1/nano.1.gz
update-alternatives 2017-06-16 10:38:08: link group pico updated to point to /bin/nano
update-alternatives 2017-06-16 10:38:08: run with --quiet --install /usr/bin/rsh rsh /usr/bin/ssh 20 --slave /usr/share/man/man1/rsh.1.gz rsh.1.gz /usr/share/man/man1/ssh.1.gz
update-alternatives 2017-06-16 10:38:08: link group rsh updated to point to /usr/bin/ssh
update-alternatives 2017-06-16 10:38:08: run with --quiet --install /usr/bin/rlogin rlogin /usr/bin/slogin 20 --slave /usr/share/man/man1/rlogin.1.gz rlogin.1.gz /usr/share/man/man1/slogin.1.gz
update-alternatives 2017-06-16 10:38:08: link group rlogin updated to point to /usr/bin/slogin
update-alternatives 2017-06-16 10:38:08: run with --quiet --install /usr/bin/rcp rcp /usr/bin/scp 20 --slave /usr/share/man/man1/rcp.1.gz rcp.1.gz /usr/share/man/man1/scp.1.gz
update-alternatives 2017-06-16 10:38:08: link group rcp updated to point to /usr/bin/scp
update-alternatives 2017-06-16 10:38:08: run with --install /usr/share/plymouth/themes/text.plymouth text.plymouth /usr/share/plymouth/themes/ubuntu-text/ubuntu-text.plymouth 50
update-alternatives 2017-06-16 10:38:08: link group text.plymouth updated to point to /usr/share/plymouth/themes/ubuntu-text/ubuntu-text.plymouth
update-alternatives 2017-06-16 10:38:08: run with --install /usr/bin/telnet telnet /usr/bin/telnet.netkit 100 --slave /usr/share/man/man1/telnet.1.gz telnet.1.gz /usr/share/man/man1/telnet.netkit.1.gz
update-alternatives 2017-06-16 10:38:08: link group telnet updated to point to /usr/bin/telnet.netkit
update-alternatives 2017-06-16 10:38:28: run with --install /usr/bin/rename rename /usr/bin/prename 60 --slave /usr/share/man/man1/rename.1.gz rename.1.gz /usr/share/man/man1/prename.1.gz
update-alternatives 2017-06-16 10:38:28: link group rename updated to point to /usr/bin/prename
update-alternatives 2017-06-16 10:38:29: run with --quiet --remove rlogin /usr/bin/ssh
update-alternatives 2017-06-16 10:38:29: run with --quiet --remove rcp /usr/bin/ssh
update-alternatives 2017-06-16 10:38:35: run with --install /usr/bin/rename rename /usr/bin/file-rename 70 --slave /usr/share/man/man1/rename.1.gz rename.1.gz /usr/share/man/man1/file-rename.1p.gz
update-alternatives 2017-06-16 10:38:35: link group rename updated to point to /usr/bin/file-rename
update-alternatives 2017-06-16 10:38:35: run with --install /usr/bin/traceroute traceroute /usr/bin/traceroute.db 100 --slave /usr/sbin/traceroute traceroute.sbin /usr/bin/traceroute.db --slave /usr/share/man/man1/traceroute.1.gz traceroute.1.gz /usr/share/man/man1/traceroute.db.1.gz
update-alternatives 2017-06-16 10:38:35: link group traceroute updated to point to /usr/bin/traceroute.db
update-alternatives 2017-06-16 10:38:35: run with --install /usr/bin/traceroute6 traceroute6 /usr/bin/traceroute6.db 100 --slave /usr/share/man/man1/traceroute6.1.gz traceroute6.1.gz /usr/share/man/man1/traceroute6.db.1.gz
update-alternatives 2017-06-16 10:38:35: run with --install /usr/bin/lft lft /usr/bin/lft.db 100 --slave /usr/share/man/man1/lft.1.gz lft.1.gz /usr/share/man/man1/lft.db.1.gz
update-alternatives 2017-06-16 10:38:35: link group lft updated to point to /usr/bin/lft.db
update-alternatives 2017-06-16 10:38:35: run with --install /usr/bin/traceproto traceproto /usr/bin/traceproto.db 100 --slave /usr/share/man/man1/traceproto.1.gz traceproto.1.gz /usr/share/man/man1/traceproto.db.1.gz
update-alternatives 2017-06-16 10:38:35: link group traceproto updated to point to /usr/bin/traceproto.db
update-alternatives 2017-06-16 10:38:35: run with --install /usr/sbin/tcptraceroute tcptraceroute /usr/sbin/tcptraceroute.db 100 --slave /usr/share/man/man8/tcptraceroute.8.gz tcptraceroute.8.gz /usr/share/man/man8/tcptraceroute.db.8.gz
update-alternatives 2017-06-16 10:38:35: link group tcptraceroute updated to point to /usr/sbin/tcptraceroute.db
update-alternatives 2017-06-16 10:39:49: run with --remove builtins.7.gz /usr/share/man/man7/bash-builtins.7.gz
update-alternatives 2017-06-16 10:39:49: link group builtins.7.gz fully removed
update-alternatives 2017-06-16 10:39:49: run with --install /usr/share/man/man7/builtins.7.gz builtins.7.gz /usr/share/man/man7/bash-builtins.7.gz 10
update-alternatives 2017-06-16 10:39:49: link group builtins.7.gz updated to point to /usr/share/man/man7/bash-builtins.7.gz
update-alternatives 2017-06-16 10:40:28: run with --install /usr/bin/editor editor /bin/nano 40 --slave /usr/share/man/man1/editor.1.gz editor.1.gz /usr/share/man/man1/nano.1.gz
update-alternatives 2017-06-16 10:40:28: run with --install /usr/bin/pico pico /bin/nano 10 --slave /usr/share/man/man1/pico.1.gz pico.1.gz /usr/share/man/man1/nano.1.gz
update-alternatives 2017-08-15 00:23:35: run with --install /usr/bin/vim vim /usr/bin/vim.basic 30
update-alternatives 2017-08-15 00:23:35: link group vim updated to point to /usr/bin/vim.basic
update-alternatives 2017-08-15 00:23:35: run with --install /usr/bin/vimdiff vimdiff /usr/bin/vim.basic 30
update-alternatives 2017-08-15 00:23:35: link group vimdiff updated to point to /usr/bin/vim.basic
update-alternatives 2017-08-15 00:23:35: run with --install /usr/bin/rvim rvim /usr/bin/vim.basic 30
update-alternatives 2017-08-15 00:23:35: link group rvim updated to point to /usr/bin/vim.basic
update-alternatives 2017-08-15 00:23:35: run with --install /usr/bin/rview rview /usr/bin/vim.basic 30
update-alternatives 2017-08-15 00:23:35: link group rview updated to point to /usr/bin/vim.basic
update-alternatives 2017-08-15 00:23:35: run with --install /usr/bin/vi vi /usr/bin/vim.basic 30 --slave /usr/share/man/fr/man1/vi.1.gz vi.fr.1.gz /usr/share/man/fr/man1/vim.1.gz --slave /usr/share/man/it/man1/vi.1.gz vi.it.1.gz /usr/share/man/it/man1/vim.1.gz --slave /usr/share/man/pl/man1/vi.1.gz vi.pl.1.gz /usr/share/man/pl/man1/vim.1.gz --slave /usr/share/man/ru/man1/vi.1.gz vi.ru.1.gz /usr/share/man/ru/man1/vim.1.gz --slave /usr/share/man/ja/man1/vi.1.gz vi.ja.1.gz /usr/share/man/ja/man1/vim.1.gz --slave /usr/share/man/man1/vi.1.gz vi.1.gz /usr/share/man/man1/vim.1.gz
update-alternatives 2017-08-15 00:23:35: link group vi updated to point to /usr/bin/vim.basic
update-alternatives 2017-08-15 00:23:35: run with --install /usr/bin/view view /usr/bin/vim.basic 30 --slave /usr/share/man/fr/man1/view.1.gz view.fr.1.gz /usr/share/man/fr/man1/vim.1.gz --slave /usr/share/man/it/man1/view.1.gz view.it.1.gz /usr/share/man/it/man1/vim.1.gz --slave /usr/share/man/pl/man1/view.1.gz view.pl.1.gz /usr/share/man/pl/man1/vim.1.gz --slave /usr/share/man/ru/man1/view.1.gz view.ru.1.gz /usr/share/man/ru/man1/vim.1.gz --slave /usr/share/man/ja/man1/view.1.gz view.ja.1.gz /usr/share/man/ja/man1/vim.1.gz --slave /usr/share/man/man1/view.1.gz view.1.gz /usr/share/man/man1/vim.1.gz
update-alternatives 2017-08-15 00:23:35: link group view updated to point to /usr/bin/vim.basic
update-alternatives 2017-08-15 00:23:35: run with --install /usr/bin/ex ex /usr/bin/vim.basic 30 --slave /usr/share/man/fr/man1/ex.1.gz ex.fr.1.gz /usr/share/man/fr/man1/vim.1.gz --slave /usr/share/man/it/man1/ex.1.gz ex.it.1.gz /usr/share/man/it/man1/vim.1.gz --slave /usr/share/man/pl/man1/ex.1.gz ex.pl.1.gz /usr/share/man/pl/man1/vim.1.gz --slave /usr/share/man/ru/man1/ex.1.gz ex.ru.1.gz /usr/share/man/ru/man1/vim.1.gz --slave /usr/share/man/ja/man1/ex.1.gz ex.ja.1.gz /usr/share/man/ja/man1/vim.1.gz --slave /usr/share/man/man1/ex.1.gz ex.1.gz /usr/share/man/man1/vim.1.gz
update-alternatives 2017-08-15 00:23:35: link group ex updated to point to /usr/bin/vim.basic
update-alternatives 2017-08-15 00:23:35: run with --install /usr/bin/editor editor /usr/bin/vim.basic 30 --slave /usr/share/man/fr/man1/editor.1.gz editor.fr.1.gz /usr/share/man/fr/man1/vim.1.gz --slave /usr/share/man/it/man1/editor.1.gz editor.it.1.gz /usr/share/man/it/man1/vim.1.gz --slave /usr/share/man/pl/man1/editor.1.gz editor.pl.1.gz /usr/share/man/pl/man1/vim.1.gz --slave /usr/share/man/ru/man1/editor.1.gz editor.ru.1.gz /usr/share/man/ru/man1/vim.1.gz --slave /usr/share/man/ja/man1/editor.1.gz editor.ja.1.gz /usr/share/man/ja/man1/vim.1.gz --slave /usr/share/man/man1/editor.1.gz editor.1.gz /usr/share/man/man1/vim.1.gz
update-alternatives 2017-08-15 00:24:14: run with --install /usr/bin/aptitude aptitude /usr/bin/aptitude-curses 30 --slave /usr/share/man/man8/aptitude.8.gz aptitude.8.gz /usr/share/man/man8/aptitude-curses.8.gz --slave /usr/share/man/cs/man8/aptitude.8.gz aptitude.cs.8.gz /usr/share/man/cs/man8/aptitude-curses.8.gz --slave /usr/share/man/de/man8/aptitude.8.gz aptitude.de.8.gz /usr/share/man/de/man8/aptitude-curses.8.gz --slave /usr/share/man/es/man8/aptitude.8.gz aptitude.es.8.gz /usr/share/man/es/man8/aptitude-curses.8.gz --slave /usr/share/man/fi/man8/aptitude.8.gz aptitude.fi.8.gz /usr/share/man/fi/man8/aptitude-curses.8.gz --slave /usr/share/man/fr/man8/aptitude.8.gz aptitude.fr.8.gz /usr/share/man/fr/man8/aptitude-curses.8.gz --slave /usr/share/man/gl/man8/aptitude.8.gz aptitude.gl.8.gz /usr/share/man/gl/man8/aptitude-curses.8.gz --slave /usr/share/man/it/man8/aptitude.8.gz aptitude.it.8.gz /usr/share/man/it/man8/aptitude-curses.8.gz --slave /usr/share/man/ja/man8/aptitude.8.gz aptitude.ja.8.gz /usr/share/man/ja/man8/aptitude-curses.8.gz --slave /usr/share/man/pl/man8/aptitude.8.gz aptitude.pl.8.gz /usr/share/man/pl/man8/aptitude-curses.8.gz
update-alternatives 2017-08-15 00:24:14: link group aptitude updated to point to /usr/bin/aptitude-curses
update-alternatives 2017-08-15 00:26:23: run with --install /usr/bin/lzma lzma /usr/bin/xz 20 --slave /usr/share/man/man1/lzma.1.gz lzma.1.gz /usr/share/man/man1/xz.1.gz --slave /usr/bin/unlzma unlzma /usr/bin/unxz --slave /usr/share/man/man1/unlzma.1.gz unlzma.1.gz /usr/share/man/man1/unxz.1.gz --slave /usr/bin/lzcat lzcat /usr/bin/xzcat --slave /usr/share/man/man1/lzcat.1.gz lzcat.1.gz /usr/share/man/man1/xzcat.1.gz --slave /usr/bin/lzmore lzmore /usr/bin/xzmore --slave /usr/share/man/man1/lzmore.1.gz lzmore.1.gz /usr/share/man/man1/xzmore.1.gz --slave /usr/bin/lzless lzless /usr/bin/xzless --slave /usr/share/man/man1/lzless.1.gz lzless.1.gz /usr/share/man/man1/xzless.1.gz --slave /usr/bin/lzdiff lzdiff /usr/bin/xzdiff --slave /usr/share/man/man1/lzdiff.1.gz lzdiff.1.gz /usr/share/man/man1/xzdiff.1.gz --slave /usr/bin/lzcmp lzcmp /usr/bin/xzcmp --slave /usr/share/man/man1/lzcmp.1.gz lzcmp.1.gz /usr/share/man/man1/xzcmp.1.gz --slave /usr/bin/lzgrep lzgrep /usr/bin/xzgrep --slave /usr/share/man/man1/lzgrep.1.gz lzgrep.1.gz /usr/share/man/man1/xzgrep.1.gz --slave /usr/bin/lzegrep lzegrep /usr/bin/xzegrep --slave /usr/share/man/man1/lzegrep.1.gz lzegrep.1.gz /usr/share/man/man1/xzegrep.1.gz --slave /usr/bin/lzfgrep lzfgrep /usr/bin/xzfgrep --slave /usr/share/man/man1/lzfgrep.1.gz lzfgrep.1.gz /usr/share/man/man1/xzfgrep.1.gz
update-alternatives 2017-08-15 00:26:23: link group lzma updated to point to /usr/bin/xz
update-alternatives 2017-08-15 00:26:37: run with --install /usr/share/plymouth/themes/text.plymouth text.plymouth /usr/share/plymouth/themes/ubuntu-text/ubuntu-text.plymouth 50
update-alternatives 2017-08-15 00:26:55: run with --install /usr/share/plymouth/themes/text.plymouth text.plymouth /usr/share/plymouth/themes/ubuntu-text/ubuntu-text.plymouth 50
update-alternatives 2017-08-15 00:27:12: run with --install /usr/bin/pager pager /bin/more 50 --slave /usr/share/man/man1/pager.1.gz pager.1.gz /usr/share/man/man1/more.1.gz
update-alternatives 2017-08-15 00:27:12: run with --install /usr/bin/pager pager /usr/bin/pg 10 --slave /usr/share/man/man1/pager.1.gz pager.1.gz /usr/share/man/man1/pg.1.gz
update-alternatives 2017-08-15 00:29:07: run with --quiet --install /usr/bin/pager pager /bin/less 77 --slave /usr/share/man/man1/pager.1.gz pager.1.gz /usr/share/man/man1/less.1.gz
update-alternatives 2017-08-15 00:29:07: run with --quiet --remove pager /usr/bin/less
update-alternatives 2017-08-15 00:29:07: run with --quiet --install /usr/bin/pager pager /bin/less 77 --slave /usr/share/man/man1/pager.1.gz pager.1.gz /usr/share/man/man1/less.1.gz
update-alternatives 2017-08-15 00:29:07: run with --quiet --remove pager /usr/bin/less
update-alternatives 2017-08-15 00:31:06: run with --install /usr/bin/automake automake /usr/bin/automake-1.15 33 --slave /usr/bin/aclocal aclocal /usr/bin/aclocal-1.15 --slave /usr/share/man/man1/automake.1.gz automake.1.gz /usr/share/man/man1/automake-1.15.1.gz --slave /usr/share/man/man1/aclocal.1.gz aclocal.1.gz /usr/share/man/man1/aclocal-1.15.1.gz
update-alternatives 2017-08-15 00:31:06: link group automake updated to point to /usr/bin/automake-1.15
update-alternatives 2017-08-15 00:31:06: run with --install /usr/bin/yacc yacc /usr/bin/bison.yacc 100 --slave /usr/share/man/man1/yacc.1.gz yaccman /usr/share/man/man1/bison.yacc.1.gz
update-alternatives 2017-08-15 00:31:06: link group yacc updated to point to /usr/bin/bison.yacc
update-alternatives 2017-08-15 00:31:06: run with --quiet --install /lib/cpp cpp /usr/bin/cpp 10
update-alternatives 2017-08-15 00:31:06: link group cpp updated to point to /usr/bin/cpp
update-alternatives 2017-08-15 00:31:07: run with --quiet --install /usr/bin/cc cc /usr/bin/gcc 20 --slave /usr/share/man/man1/cc.1.gz cc.1.gz /usr/share/man/man1/gcc.1.gz
update-alternatives 2017-08-15 00:31:07: link group cc updated to point to /usr/bin/gcc
update-alternatives 2017-08-15 00:31:07: run with --quiet --install /usr/bin/c89 c89 /usr/bin/c89-gcc 20 --slave /usr/share/man/man1/c89.1.gz c89.1.gz /usr/share/man/man1/c89-gcc.1.gz
update-alternatives 2017-08-15 00:31:07: link group c89 updated to point to /usr/bin/c89-gcc
update-alternatives 2017-08-15 00:31:07: run with --quiet --install /usr/bin/c99 c99 /usr/bin/c99-gcc 20 --slave /usr/share/man/man1/c99.1.gz c99.1.gz /usr/share/man/man1/c99-gcc.1.gz
update-alternatives 2017-08-15 00:31:07: link group c99 updated to point to /usr/bin/c99-gcc
update-alternatives 2017-08-15 00:31:07: run with --install /usr/bin/c++ c++ /usr/bin/g++ 20 --slave /usr/share/man/man1/c++.1.gz c++.1.gz /usr/share/man/man1/g++.1.gz
update-alternatives 2017-08-15 00:31:07: link group c++ updated to point to /usr/bin/g++
update-alternatives 2017-08-15 00:31:08: run with --install /etc/mysql/my.cnf my.cnf /etc/mysql/my.cnf.fallback 100
update-alternatives 2017-08-15 00:31:08: link group my.cnf updated to point to /etc/mysql/my.cnf.fallback
update-alternatives 2017-08-15 00:31:14: run with --install /usr/bin/rmid rmid /usr/lib/jvm/java-8-openjdk-amd64/jre/bin/rmid 1081 --slave /usr/share/man/man1/rmid.1.gz rmid.1.gz /usr/lib/jvm/java-8-openjdk-amd64/jre/man/man1/rmid.1.gz
update-alternatives 2017-08-15 00:31:14: link group rmid updated to point to /usr/lib/jvm/java-8-openjdk-amd64/jre/bin/rmid
update-alternatives 2017-08-15 00:31:14: run with --install /usr/bin/java java /usr/lib/jvm/java-8-openjdk-amd64/jre/bin/java 1081 --slave /usr/share/man/man1/java.1.gz java.1.gz /usr/lib/jvm/java-8-openjdk-amd64/jre/man/man1/java.1.gz
update-alternatives 2017-08-15 00:31:14: link group java updated to point to /usr/lib/jvm/java-8-openjdk-amd64/jre/bin/java
update-alternatives 2017-08-15 00:31:14: run with --install /usr/bin/keytool keytool /usr/lib/jvm/java-8-openjdk-amd64/jre/bin/keytool 1081 --slave /usr/share/man/man1/keytool.1.gz keytool.1.gz /usr/lib/jvm/java-8-openjdk-amd64/jre/man/man1/keytool.1.gz
update-alternatives 2017-08-15 00:31:14: link group keytool updated to point to /usr/lib/jvm/java-8-openjdk-amd64/jre/bin/keytool
update-alternatives 2017-08-15 00:31:14: run with --install /usr/bin/jjs jjs /usr/lib/jvm/java-8-openjdk-amd64/jre/bin/jjs 1081 --slave /usr/share/man/man1/jjs.1.gz jjs.1.gz /usr/lib/jvm/java-8-openjdk-amd64/jre/man/man1/jjs.1.gz
update-alternatives 2017-08-15 00:31:14: link group jjs updated to point to /usr/lib/jvm/java-8-openjdk-amd64/jre/bin/jjs
update-alternatives 2017-08-15 00:31:14: run with --install /usr/bin/pack200 pack200 /usr/lib/jvm/java-8-openjdk-amd64/jre/bin/pack200 1081 --slave /usr/share/man/man1/pack200.1.gz pack200.1.gz /usr/lib/jvm/java-8-openjdk-amd64/jre/man/man1/pack200.1.gz
update-alternatives 2017-08-15 00:31:14: link group pack200 updated to point to /usr/lib/jvm/java-8-openjdk-amd64/jre/bin/pack200
update-alternatives 2017-08-15 00:31:14: run with --install /usr/bin/rmiregistry rmiregistry /usr/lib/jvm/java-8-openjdk-amd64/jre/bin/rmiregistry 1081 --slave /usr/share/man/man1/rmiregistry.1.gz rmiregistry.1.gz /usr/lib/jvm/java-8-openjdk-amd64/jre/man/man1/rmiregistry.1.gz
update-alternatives 2017-08-15 00:31:14: link group rmiregistry updated to point to /usr/lib/jvm/java-8-openjdk-amd64/jre/bin/rmiregistry
update-alternatives 2017-08-15 00:31:14: run with --install /usr/bin/unpack200 unpack200 /usr/lib/jvm/java-8-openjdk-amd64/jre/bin/unpack200 1081 --slave /usr/share/man/man1/unpack200.1.gz unpack200.1.gz /usr/lib/jvm/java-8-openjdk-amd64/jre/man/man1/unpack200.1.gz
update-alternatives 2017-08-15 00:31:14: link group unpack200 updated to point to /usr/lib/jvm/java-8-openjdk-amd64/jre/bin/unpack200
update-alternatives 2017-08-15 00:31:14: run with --install /usr/bin/orbd orbd /usr/lib/jvm/java-8-openjdk-amd64/jre/bin/orbd 1081 --slave /usr/share/man/man1/orbd.1.gz orbd.1.gz /usr/lib/jvm/java-8-openjdk-amd64/jre/man/man1/orbd.1.gz
update-alternatives 2017-08-15 00:31:14: link group orbd updated to point to /usr/lib/jvm/java-8-openjdk-amd64/jre/bin/orbd
update-alternatives 2017-08-15 00:31:14: run with --install /usr/bin/servertool servertool /usr/lib/jvm/java-8-openjdk-amd64/jre/bin/servertool 1081 --slave /usr/share/man/man1/servertool.1.gz servertool.1.gz /usr/lib/jvm/java-8-openjdk-amd64/jre/man/man1/servertool.1.gz
update-alternatives 2017-08-15 00:31:14: link group servertool updated to point to /usr/lib/jvm/java-8-openjdk-amd64/jre/bin/servertool
update-alternatives 2017-08-15 00:31:14: run with --install /usr/bin/tnameserv tnameserv /usr/lib/jvm/java-8-openjdk-amd64/jre/bin/tnameserv 1081 --slave /usr/share/man/man1/tnameserv.1.gz tnameserv.1.gz /usr/lib/jvm/java-8-openjdk-amd64/jre/man/man1/tnameserv.1.gz
update-alternatives 2017-08-15 00:31:14: link group tnameserv updated to point to /usr/lib/jvm/java-8-openjdk-amd64/jre/bin/tnameserv
update-alternatives 2017-08-15 00:31:14: run with --install /usr/bin/jexec jexec /usr/lib/jvm/java-8-openjdk-amd64/jre/lib/jexec 1081 --slave /usr/share/binfmts/jar jexec-binfmt /usr/lib/jvm/java-8-openjdk-amd64/jre/lib/jar.binfmt
update-alternatives 2017-08-15 00:31:14: link group jexec updated to point to /usr/lib/jvm/java-8-openjdk-amd64/jre/lib/jexec
update-alternatives 2017-08-15 00:31:16: run with --install /usr/bin/idlj idlj /usr/lib/jvm/java-8-openjdk-amd64/bin/idlj 1081 --slave /usr/share/man/man1/idlj.1.gz idlj.1.gz /usr/lib/jvm/java-8-openjdk-amd64/man/man1/idlj.1.gz
update-alternatives 2017-08-15 00:31:16: link group idlj updated to point to /usr/lib/jvm/java-8-openjdk-amd64/bin/idlj
update-alternatives 2017-08-15 00:31:16: run with --install /usr/bin/jdeps jdeps /usr/lib/jvm/java-8-openjdk-amd64/bin/jdeps 1081 --slave /usr/share/man/man1/jdeps.1.gz jdeps.1.gz /usr/lib/jvm/java-8-openjdk-amd64/man/man1/jdeps.1.gz
update-alternatives 2017-08-15 00:31:16: link group jdeps updated to point to /usr/lib/jvm/java-8-openjdk-amd64/bin/jdeps
update-alternatives 2017-08-15 00:31:16: run with --install /usr/bin/wsimport wsimport /usr/lib/jvm/java-8-openjdk-amd64/bin/wsimport 1081 --slave /usr/share/man/man1/wsimport.1.gz wsimport.1.gz /usr/lib/jvm/java-8-openjdk-amd64/man/man1/wsimport.1.gz
update-alternatives 2017-08-15 00:31:16: link group wsimport updated to point to /usr/lib/jvm/java-8-openjdk-amd64/bin/wsimport
update-alternatives 2017-08-15 00:31:16: run with --install /usr/bin/jinfo jinfo /usr/lib/jvm/java-8-openjdk-amd64/bin/jinfo 1081 --slave /usr/share/man/man1/jinfo.1.gz jinfo.1.gz /usr/lib/jvm/java-8-openjdk-amd64/man/man1/jinfo.1.gz
update-alternatives 2017-08-15 00:31:16: link group jinfo updated to point to /usr/lib/jvm/java-8-openjdk-amd64/bin/jinfo
update-alternatives 2017-08-15 00:31:16: run with --install /usr/bin/jsadebugd jsadebugd /usr/lib/jvm/java-8-openjdk-amd64/bin/jsadebugd 1081 --slave /usr/share/man/man1/jsadebugd.1.gz jsadebugd.1.gz /usr/lib/jvm/java-8-openjdk-amd64/man/man1/jsadebugd.1.gz
update-alternatives 2017-08-15 00:31:16: link group jsadebugd updated to point to /usr/lib/jvm/java-8-openjdk-amd64/bin/jsadebugd
update-alternatives 2017-08-15 00:31:16: run with --install /usr/bin/native2ascii native2ascii /usr/lib/jvm/java-8-openjdk-amd64/bin/native2ascii 1081 --slave /usr/share/man/man1/native2ascii.1.gz native2ascii.1.gz /usr/lib/jvm/java-8-openjdk-amd64/man/man1/native2ascii.1.gz
update-alternatives 2017-08-15 00:31:16: link group native2ascii updated to point to /usr/lib/jvm/java-8-openjdk-amd64/bin/native2ascii
update-alternatives 2017-08-15 00:31:16: run with --install /usr/bin/jstat jstat /usr/lib/jvm/java-8-openjdk-amd64/bin/jstat 1081 --slave /usr/share/man/man1/jstat.1.gz jstat.1.gz /usr/lib/jvm/java-8-openjdk-amd64/man/man1/jstat.1.gz
update-alternatives 2017-08-15 00:31:16: link group jstat updated to point to /usr/lib/jvm/java-8-openjdk-amd64/bin/jstat
update-alternatives 2017-08-15 00:31:16: run with --install /usr/bin/javac javac /usr/lib/jvm/java-8-openjdk-amd64/bin/javac 1081 --slave /usr/share/man/man1/javac.1.gz javac.1.gz /usr/lib/jvm/java-8-openjdk-amd64/man/man1/javac.1.gz
update-alternatives 2017-08-15 00:31:16: link group javac updated to point to /usr/lib/jvm/java-8-openjdk-amd64/bin/javac
update-alternatives 2017-08-15 00:31:16: run with --install /usr/bin/javah javah /usr/lib/jvm/java-8-openjdk-amd64/bin/javah 1081 --slave /usr/share/man/man1/javah.1.gz javah.1.gz /usr/lib/jvm/java-8-openjdk-amd64/man/man1/javah.1.gz
update-alternatives 2017-08-15 00:31:16: link group javah updated to point to /usr/lib/jvm/java-8-openjdk-amd64/bin/javah
update-alternatives 2017-08-15 00:31:16: run with --install /usr/bin/jstack jstack /usr/lib/jvm/java-8-openjdk-amd64/bin/jstack 1081 --slave /usr/share/man/man1/jstack.1.gz jstack.1.gz /usr/lib/jvm/java-8-openjdk-amd64/man/man1/jstack.1.gz
update-alternatives 2017-08-15 00:31:16: link group jstack updated to point to /usr/lib/jvm/java-8-openjdk-amd64/bin/jstack
update-alternatives 2017-08-15 00:31:16: run with --install /usr/bin/jrunscript jrunscript /usr/lib/jvm/java-8-openjdk-amd64/bin/jrunscript 1081 --slave /usr/share/man/man1/jrunscript.1.gz jrunscript.1.gz /usr/lib/jvm/java-8-openjdk-amd64/man/man1/jrunscript.1.gz
update-alternatives 2017-08-15 00:31:16: link group jrunscript updated to point to /usr/lib/jvm/java-8-openjdk-amd64/bin/jrunscript
update-alternatives 2017-08-15 00:31:16: run with --install /usr/bin/javadoc javadoc /usr/lib/jvm/java-8-openjdk-amd64/bin/javadoc 1081 --slave /usr/share/man/man1/javadoc.1.gz javadoc.1.gz /usr/lib/jvm/java-8-openjdk-amd64/man/man1/javadoc.1.gz
update-alternatives 2017-08-15 00:31:16: link group javadoc updated to point to /usr/lib/jvm/java-8-openjdk-amd64/bin/javadoc
update-alternatives 2017-08-15 00:31:16: run with --install /usr/bin/javap javap /usr/lib/jvm/java-8-openjdk-amd64/bin/javap 1081 --slave /usr/share/man/man1/javap.1.gz javap.1.gz /usr/lib/jvm/java-8-openjdk-amd64/man/man1/javap.1.gz
update-alternatives 2017-08-15 00:31:16: link group javap updated to point to /usr/lib/jvm/java-8-openjdk-amd64/bin/javap
update-alternatives 2017-08-15 00:31:16: run with --install /usr/bin/jar jar /usr/lib/jvm/java-8-openjdk-amd64/bin/jar 1081 --slave /usr/share/man/man1/jar.1.gz jar.1.gz /usr/lib/jvm/java-8-openjdk-amd64/man/man1/jar.1.gz
update-alternatives 2017-08-15 00:31:16: link group jar updated to point to /usr/lib/jvm/java-8-openjdk-amd64/bin/jar
update-alternatives 2017-08-15 00:31:16: run with --install /usr/bin/xjc xjc /usr/lib/jvm/java-8-openjdk-amd64/bin/xjc 1081 --slave /usr/share/man/man1/xjc.1.gz xjc.1.gz /usr/lib/jvm/java-8-openjdk-amd64/man/man1/xjc.1.gz
update-alternatives 2017-08-15 00:31:16: link group xjc updated to point to /usr/lib/jvm/java-8-openjdk-amd64/bin/xjc
update-alternatives 2017-08-15 00:31:16: run with --install /usr/bin/schemagen schemagen /usr/lib/jvm/java-8-openjdk-amd64/bin/schemagen 1081 --slave /usr/share/man/man1/schemagen.1.gz schemagen.1.gz /usr/lib/jvm/java-8-openjdk-amd64/man/man1/schemagen.1.gz
update-alternatives 2017-08-15 00:31:16: link group schemagen updated to point to /usr/lib/jvm/java-8-openjdk-amd64/bin/schemagen
update-alternatives 2017-08-15 00:31:16: run with --install /usr/bin/jps jps /usr/lib/jvm/java-8-openjdk-amd64/bin/jps 1081 --slave /usr/share/man/man1/jps.1.gz jps.1.gz /usr/lib/jvm/java-8-openjdk-amd64/man/man1/jps.1.gz
update-alternatives 2017-08-15 00:31:16: link group jps updated to point to /usr/lib/jvm/java-8-openjdk-amd64/bin/jps
update-alternatives 2017-08-15 00:31:16: run with --install /usr/bin/extcheck extcheck /usr/lib/jvm/java-8-openjdk-amd64/bin/extcheck 1081 --slave /usr/share/man/man1/extcheck.1.gz extcheck.1.gz /usr/lib/jvm/java-8-openjdk-amd64/man/man1/extcheck.1.gz
update-alternatives 2017-08-15 00:31:16: link group extcheck updated to point to /usr/lib/jvm/java-8-openjdk-amd64/bin/extcheck
update-alternatives 2017-08-15 00:31:16: run with --install /usr/bin/jarsigner jarsigner /usr/lib/jvm/java-8-openjdk-amd64/bin/jarsigner 1081 --slave /usr/share/man/man1/jarsigner.1.gz jarsigner.1.gz /usr/lib/jvm/java-8-openjdk-amd64/man/man1/jarsigner.1.gz
update-alternatives 2017-08-15 00:31:16: link group jarsigner updated to point to /usr/lib/jvm/java-8-openjdk-amd64/bin/jarsigner
update-alternatives 2017-08-15 00:31:16: run with --install /usr/bin/rmic rmic /usr/lib/jvm/java-8-openjdk-amd64/bin/rmic 1081 --slave /usr/share/man/man1/rmic.1.gz rmic.1.gz /usr/lib/jvm/java-8-openjdk-amd64/man/man1/rmic.1.gz
update-alternatives 2017-08-15 00:31:16: link group rmic updated to point to /usr/lib/jvm/java-8-openjdk-amd64/bin/rmic
update-alternatives 2017-08-15 00:31:16: run with --install /usr/bin/jstatd jstatd /usr/lib/jvm/java-8-openjdk-amd64/bin/jstatd 1081 --slave /usr/share/man/man1/jstatd.1.gz jstatd.1.gz /usr/lib/jvm/java-8-openjdk-amd64/man/man1/jstatd.1.gz
update-alternatives 2017-08-15 00:31:16: link group jstatd updated to point to /usr/lib/jvm/java-8-openjdk-amd64/bin/jstatd
update-alternatives 2017-08-15 00:31:16: run with --install /usr/bin/jhat jhat /usr/lib/jvm/java-8-openjdk-amd64/bin/jhat 1081 --slave /usr/share/man/man1/jhat.1.gz jhat.1.gz /usr/lib/jvm/java-8-openjdk-amd64/man/man1/jhat.1.gz
update-alternatives 2017-08-15 00:31:16: link group jhat updated to point to /usr/lib/jvm/java-8-openjdk-amd64/bin/jhat
update-alternatives 2017-08-15 00:31:16: run with --install /usr/bin/jdb jdb /usr/lib/jvm/java-8-openjdk-amd64/bin/jdb 1081 --slave /usr/share/man/man1/jdb.1.gz jdb.1.gz /usr/lib/jvm/java-8-openjdk-amd64/man/man1/jdb.1.gz
update-alternatives 2017-08-15 00:31:16: link group jdb updated to point to /usr/lib/jvm/java-8-openjdk-amd64/bin/jdb
update-alternatives 2017-08-15 00:31:16: run with --install /usr/bin/serialver serialver /usr/lib/jvm/java-8-openjdk-amd64/bin/serialver 1081 --slave /usr/share/man/man1/serialver.1.gz serialver.1.gz /usr/lib/jvm/java-8-openjdk-amd64/man/man1/serialver.1.gz
update-alternatives 2017-08-15 00:31:16: link group serialver updated to point to /usr/lib/jvm/java-8-openjdk-amd64/bin/serialver
update-alternatives 2017-08-15 00:31:16: run with --install /usr/bin/wsgen wsgen /usr/lib/jvm/java-8-openjdk-amd64/bin/wsgen 1081 --slave /usr/share/man/man1/wsgen.1.gz wsgen.1.gz /usr/lib/jvm/java-8-openjdk-amd64/man/man1/wsgen.1.gz
update-alternatives 2017-08-15 00:31:16: link group wsgen updated to point to /usr/lib/jvm/java-8-openjdk-amd64/bin/wsgen
update-alternatives 2017-08-15 00:31:16: run with --install /usr/bin/jcmd jcmd /usr/lib/jvm/java-8-openjdk-amd64/bin/jcmd 1081 --slave /usr/share/man/man1/jcmd.1.gz jcmd.1.gz /usr/lib/jvm/java-8-openjdk-amd64/man/man1/jcmd.1.gz
update-alternatives 2017-08-15 00:31:16: link group jcmd updated to point to /usr/lib/jvm/java-8-openjdk-amd64/bin/jcmd
update-alternatives 2017-08-15 00:31:16: run with --install /usr/bin/jmap jmap /usr/lib/jvm/java-8-openjdk-amd64/bin/jmap 1081 --slave /usr/share/man/man1/jmap.1.gz jmap.1.gz /usr/lib/jvm/java-8-openjdk-amd64/man/man1/jmap.1.gz
update-alternatives 2017-08-15 00:31:16: link group jmap updated to point to /usr/lib/jvm/java-8-openjdk-amd64/bin/jmap
update-alternatives 2017-08-15 01:15:14: run with --install /etc/mysql/my.cnf my.cnf /etc/mysql/mysql.cnf 200
update-alternatives 2017-08-15 01:15:14: link group my.cnf updated to point to /etc/mysql/mysql.cnf
update-alternatives 2017-08-25 01:38:37: run with --config editor
update-alternatives 2017-08-25 01:38:39: status of link group /usr/bin/editor set to manual
update-alternatives 2017-08-25 01:38:39: link group editor updated to point to /usr/bin/vim.basic
update-alternatives 2017-08-25 01:56:11: run with --install /usr/lib/libblas.so.3 libblas.so.3 /usr/lib/libblas/libblas.so.3 10
update-alternatives 2017-08-25 01:56:11: link group libblas.so.3 updated to point to /usr/lib/libblas/libblas.so.3
update-alternatives 2017-08-25 01:56:11: run with --install /usr/lib/liblapack.so.3 liblapack.so.3 /usr/lib/lapack/liblapack.so.3 10
update-alternatives 2017-08-25 01:56:11: link group liblapack.so.3 updated to point to /usr/lib/lapack/liblapack.so.3
